<?xml version="1.0" encoding="UTF-8"?>
<!-- Generated by org.testng.reporters.JUnitReportReporter -->
<testsuite hostname="DESKTOP-CHQ0ICE" failures="0" tests="1" name="testCases.LoginApplication" time="8.834" errors="0" timestamp="2021-06-28T22:35:04 CDT" skipped="0">
  <testcase classname="testCases.LoginApplication" name="login" time="8.834"/>
  <system-out/>
</testsuite> <!-- testCases.LoginApplication -->
